{"/home/alexander/Hexlet Projects/Diff/src/index.js": {"path":"/home/alexander/Hexlet Projects/Diff/src/index.js","statementMap":{"0":{"start":{"line":3,"column":10},"end":{"line":3,"column":27}},"1":{"start":{"line":6,"column":16},"end":{"line":6,"column":33}},"2":{"start":{"line":7,"column":16},"end":{"line":7,"column":33}},"3":{"start":{"line":8,"column":15},"end":{"line":8,"column":62}},"4":{"start":{"line":9,"column":17},"end":{"line":16,"column":8}},"5":{"start":{"line":10,"column":4},"end":{"line":13,"column":5}},"6":{"start":{"line":11,"column":6},"end":{"line":12,"column":71}},"7":{"start":{"line":14,"column":4},"end":{"line":14,"column":70}},"8":{"start":{"line":14,"column":28},"end":{"line":14,"column":70}},"9":{"start":{"line":15,"column":4},"end":{"line":15,"column":46}},"10":{"start":{"line":17,"column":2},"end":{"line":17,"column":27}}},"fnMap":{"0":{"name":"(anonymous_0)","decl":{"start":{"line":5,"column":15},"end":{"line":5,"column":16}},"loc":{"start":{"line":5,"column":41},"end":{"line":18,"column":1}},"line":5},"1":{"name":"(anonymous_1)","decl":{"start":{"line":9,"column":29},"end":{"line":9,"column":30}},"loc":{"start":{"line":9,"column":43},"end":{"line":16,"column":3}},"line":9}},"branchMap":{"0":{"loc":{"start":{"line":10,"column":4},"end":{"line":13,"column":5}},"type":"if","locations":[{"start":{"line":10,"column":4},"end":{"line":13,"column":5}},{"start":{"line":10,"column":4},"end":{"line":13,"column":5}}],"line":10},"1":{"loc":{"start":{"line":10,"column":8},"end":{"line":10,"column":46}},"type":"binary-expr","locations":[{"start":{"line":10,"column":8},"end":{"line":10,"column":25}},{"start":{"line":10,"column":29},"end":{"line":10,"column":46}}],"line":10},"2":{"loc":{"start":{"line":11,"column":13},"end":{"line":12,"column":70}},"type":"cond-expr","locations":[{"start":{"line":11,"column":41},"end":{"line":11,"column":75}},{"start":{"line":12,"column":10},"end":{"line":12,"column":70}}],"line":11},"3":{"loc":{"start":{"line":14,"column":4},"end":{"line":14,"column":70}},"type":"if","locations":[{"start":{"line":14,"column":4},"end":{"line":14,"column":70}},{"start":{"line":14,"column":4},"end":{"line":14,"column":70}}],"line":14}},"s":{"0":1,"1":3,"2":3,"3":3,"4":3,"5":15,"6":6,"7":9,"8":3,"9":6,"10":3},"f":{"0":3,"1":15},"b":{"0":[6,9],"1":[15,12],"2":[3,3],"3":[3,6]},"_coverageSchema":"43e27e138ebf9cfc5966b082cf9a028302ed4184","hash":"5df435bf26934e95d92376cdd714cfce801ff3f2"}
,"/home/alexander/Hexlet Projects/Diff/src/parsers.js": {"path":"/home/alexander/Hexlet Projects/Diff/src/parsers.js","statementMap":{"0":{"start":{"line":3,"column":11},"end":{"line":3,"column":24}},"1":{"start":{"line":4,"column":13},"end":{"line":4,"column":28}},"2":{"start":{"line":5,"column":12},"end":{"line":5,"column":26}},"3":{"start":{"line":7,"column":16},"end":{"line":11,"column":1}},"4":{"start":{"line":14,"column":15},"end":{"line":14,"column":49}},"5":{"start":{"line":15,"column":17},"end":{"line":15,"column":48}},"6":{"start":{"line":16,"column":2},"end":{"line":16,"column":31}}},"fnMap":{"0":{"name":"(anonymous_0)","decl":{"start":{"line":13,"column":15},"end":{"line":13,"column":16}},"loc":{"start":{"line":13,"column":29},"end":{"line":17,"column":1}},"line":13}},"branchMap":{},"s":{"0":1,"1":1,"2":1,"3":1,"4":6,"5":6,"6":6},"f":{"0":6},"b":{},"_coverageSchema":"43e27e138ebf9cfc5966b082cf9a028302ed4184","hash":"f7741fadcd38a57a1d7af1bc285be71cf3efc0b6"}
}
