TN:
SF:/home/alexander/Hexlet Projects/Diff/src/index.js
FN:5,(anonymous_0)
FN:9,(anonymous_1)
FNF:2
FNH:2
FNDA:3,(anonymous_0)
FNDA:15,(anonymous_1)
DA:3,1
DA:6,3
DA:7,3
DA:8,3
DA:9,3
DA:10,15
DA:11,6
DA:14,9
DA:15,6
DA:17,3
LF:10
LH:10
BRDA:10,0,0,6
BRDA:10,0,1,9
BRDA:10,1,0,15
BRDA:10,1,1,12
BRDA:11,2,0,3
BRDA:11,2,1,3
BRDA:14,3,0,3
BRDA:14,3,1,6
BRF:8
BRH:8
end_of_record
TN:
SF:/home/alexander/Hexlet Projects/Diff/src/parsers.js
FN:13,(anonymous_0)
FNF:1
FNH:1
FNDA:6,(anonymous_0)
DA:3,1
DA:4,1
DA:5,1
DA:7,1
DA:14,6
DA:15,6
DA:16,6
LF:7
LH:7
BRF:0
BRH:0
end_of_record
